2024-08-08T08:19:28.720Z [info]: Login successful for user: johndoe
2024-08-08T08:22:37.226Z [error]: Login failed: secretOrPrivateKey must have a value
2024-08-08T08:23:19.944Z [error]: Login failed: secretOrPrivateKey must have a value
2024-08-08T08:23:31.540Z [error]: Login failed: secretOrPrivateKey must have a value
2024-08-08T08:23:38.377Z [error]: Login failed: secretOrPrivateKey must have a value
2024-08-08T08:23:46.983Z [error]: Login failed: secretOrPrivateKey must have a value
2024-08-08T08:23:53.977Z [error]: Login failed: secretOrPrivateKey must have a value
2024-08-08T08:24:09.586Z [info]: Login successful for user: johndoe
2024-08-08T08:24:45.265Z [error]: Login failed: secretOrPrivateKey must have a value
2024-08-08T08:26:40.226Z [error]: Login failed: secretOrPrivateKey must have a value
2024-08-08T09:56:06.487Z [error]: Failed to fetch user: User not found
2024-08-08T09:56:43.796Z [error]: Failed to fetch user: User not found
2024-08-08T09:56:51.628Z [error]: Failed to fetch user: User not found
2024-08-08T09:58:21.847Z [error]: Username or email already exists.
2024-08-08T21:17:53.135Z [info]: User created: {"name":"baga","username":"waga","email":"Morgalut54@gmail.com","password":"$2b$10$jJpB2A2maybJLWhxeS79C.4.N6jimJUhMWbiCuHPBwR6NMlUj8mrq","balance":123,"isAdminAssistant":false,"userType":"ordinary","_id":"66b5360165ad700f76846445","__v":0}
2024-08-08T21:20:23.594Z [error]: Login failed: Invalid username or email
2024-08-08T21:20:50.923Z [error]: Login failed: Invalid password
2024-08-08T21:21:05.607Z [error]: Login failed: Invalid password
2024-08-08T21:21:31.860Z [info]: User created: {"name":"mor","username":"mor","email":"mo@mo.com","password":"$2b$10$TL06xUlSrLz93ImPEF/54eX2uksebxKl8nUs99z17l9mvGwqHoYrq","balance":1,"isAdminAssistant":false,"userType":"executive","_id":"66b536db65ad700f7684644b","__v":0}
2024-08-08T21:21:45.082Z [error]: Login failed: Invalid password
2024-08-08T21:35:06.233Z [error]: Login failed: Invalid password
2024-08-08T21:35:55.872Z [error]: Login failed: Invalid password
2024-08-08T21:37:23.227Z [error]: Login failed: Invalid password
2024-08-08T21:37:37.924Z [error]: Login failed: Invalid password
2024-08-08T21:40:59.386Z [error]: Login failed: Invalid password
2024-08-08T21:41:05.878Z [error]: Login failed: Invalid password
2024-08-08T21:41:59.169Z [error]: Login failed: Invalid password
2024-08-08T21:42:57.145Z [error]: Login failed: Invalid password
2024-08-08T21:45:46.991Z [error]: Login failed: Invalid password
2024-08-08T21:45:58.317Z [error]: Login failed: Invalid password
2024-08-08T21:48:06.048Z [info]: User created: {"name":"baga wwww","username":"ssssss","email":"Mossssrgalut54@gmail.com","password":"$2b$10$COiW2lF9z8PVrOeRNOJn6uCFvJGMPmhifvwBHyRqAxdPWTh4A7.gi","balance":1,"isAdminAssistant":false,"userType":"ordinary","_id":"66b53d16b2c2edea3e25b08a","__v":0}
2024-08-08T21:48:53.740Z [info]: User created: {"name":"baga wwwwssss","username":"ssssssaaaa","email":"Mossssrgaluccct54@gmail.com","password":"$2b$10$95MXFNI8IHnuBjwXO2A14e9O1Rjas8kY9LW1M3WKsNaW5LroxfE3C","balance":1,"isAdminAssistant":false,"userType":"executive","_id":"66b53d45b2c2edea3e25b08d","__v":0}
2024-08-08T21:49:18.651Z [info]: User created: {"name":"mor","username":"mor","email":"Mossssrgaluccct54@gmail.com","password":"$2b$10$0L2SGixxUwRhZgTYv9jxveygAjArmlpkiCsxFpQz8SiV2w/ToDyIO","balance":1,"isAdminAssistant":false,"userType":"executive","_id":"66b53d5eb2c2edea3e25b090","__v":0}
2024-08-08T21:49:30.246Z [error]: Username or email already exists.
2024-08-08T21:49:36.229Z [info]: User created: {"name":"morss","username":"mors","email":"Mosssssrgaluccct54@gmail.com","password":"$2b$10$zKBjoDJasN5gAvNEGi0zTeHSC2g1L7b/lVLaPcpX2AretLmbNW/4S","balance":1,"isAdminAssistant":false,"userType":"ordinary","_id":"66b53d70b2c2edea3e25b094","__v":0}
2024-08-08T21:51:45.075Z [info]: User created: {"name":"morssסס","username":"morsס","email":"Mosssssrgccct54@gmail.com","password":"$2b$10$kjRtY8KWHbBduv10NnMybec68HhL6er5EqjuANvrfqJgz1BDfHlqm","balance":1,"isAdminAssistant":true,"userType":"executive","_id":"66b53df1b2c2edea3e25b098","__v":0}
2024-08-08T21:52:44.427Z [error]: Admin assistant already exists. Only one is allowed.
2024-08-08T21:52:48.673Z [error]: Admin assistant already exists. Only one is allowed.
2024-08-08T21:53:02.786Z [error]: Admin assistant already exists. Only one is allowed.
2024-08-08T21:53:16.858Z [error]: Admin assistant already exists. Only one is allowed.
2024-08-08T21:53:22.276Z [error]: Admin assistant already exists. Only one is allowed.
2024-08-08T21:53:27.288Z [info]: User created: {"name":"baga ww","username":"ssssssaaaaa","email":"zx@ds.com","password":"$2b$10$4P/gqyErH6lfUuHlb9AxuuOle8m3y4XiT2rmEsQKAtLBQpOC1AkgK","balance":12,"isAdminAssistant":false,"userType":"ordinary","_id":"66b53e57b2c2edea3e25b0a0","__v":0}
2024-08-08T21:58:33.946Z [info]: User created: {"name":"baga wwww","username":"ssssss","email":"Mossssrgalut54@gmail.com","password":"$2b$10$3X7Sseb8ywno/Xsq8Hbo9eDYp3/1/pH2KWw.eLItfDykClQXYxoMy","balance":1,"isAdminAssistant":false,"userType":"ordinary","_id":"66b53f89b2c2edea3e25b0a3","__v":0}
2024-08-08T21:58:44.831Z [info]: User created: {"name":"baסga wwwססw","username":"ssssssסס","email":"Mossssrססgalut54@gmail.com","password":"$2b$10$ICBDu4Q6XL.3FFXzv73WJ.B1xEEJiwUKzX5xUSJmqmtE2aHtFXkeK","balance":1,"isAdminAssistant":false,"userType":"executive","_id":"66b53f94b2c2edea3e25b0a6","__v":0}
2024-08-08T22:01:07.495Z [info]: User created: {"name":"mor galut","username":"mor","email":"Morgalut54@gmail.com","password":"$2b$10$r7Wi2xZaO0w2aLx3SGcfieN21H5rbqVroozNwwvHoL7j4zHwn9VmC","balance":2,"isAdminAssistant":false,"userType":"executive","_id":"66b54023b2c2edea3e25b0a9","__v":0}
2024-08-08T22:04:33.986Z [error]: Login failed: Invalid password
2024-08-08T22:25:07.173Z [error]: Login failed: Invalid password
2024-08-08T22:27:10.039Z [error]: Login failed: Invalid password
2024-08-08T22:27:56.502Z [error]: Login failed: Invalid password
2024-08-08T22:36:04.408Z [error]: Login failed: Invalid password
2024-08-08T22:36:08.189Z [error]: Login failed: Invalid password
2024-08-08T22:44:42.048Z [error]: Login failed: Invalid password
2024-08-09T02:07:37.466Z [info]: All users fetched.
2024-08-09T02:07:37.486Z [info]: All users fetched.
2024-08-09T02:16:24.373Z [info]: All users fetched.
2024-08-09T02:16:24.382Z [info]: All users fetched.
2024-08-09T02:16:28.382Z [info]: All users fetched.
2024-08-09T02:16:28.397Z [info]: All users fetched.
2024-08-09T02:16:33.834Z [info]: All users fetched.
2024-08-09T02:16:33.842Z [info]: All users fetched.
2024-08-09T02:43:52.318Z [info]: User created: {"name":"baga","username":"sa","email":"Morsgalut54@gmail.com","password":"$2b$10$.Iv8JT6cZNHw6I6HLcmf5uWMSuTbclvWwdXbccTcMANXVLxjhVthy","balance":123,"isAdminAssistant":false,"userType":"ordinary","_id":"66b58268862169efd655aed8","__v":0}
2024-08-09T02:43:57.485Z [error]: Username or email already exists.
2024-08-09T02:44:07.453Z [error]: Username or email already exists.
2024-08-09T02:44:19.989Z [info]: User created: {"name":"qweqwwqe","username":"sasda","email":"Morsgaludsdst54@gmail.com","password":"$2b$10$mpWWxPYcJSp/S6ndCh969O3wGQLJ7i04Xlwp4PrL4DzWZXMN.r.DK","balance":123,"isAdminAssistant":true,"userType":"executive","_id":"66b58283862169efd655aee0","__v":0}
2024-08-09T05:31:41.624Z [error]: Login failed: Invalid password
2024-08-09T05:33:43.857Z [error]: Login failed: Invalid password
2024-08-09T05:37:07.981Z [error]: Login failed: Invalid password
2024-08-09T05:41:05.499Z [error]: Login failed: Invalid password
2024-08-09T05:41:25.831Z [error]: Login failed: Invalid password
2024-08-09T05:45:39.828Z [error]: Login failed: Invalid password
2024-08-09T05:46:55.749Z [info]: User created: {"name":"mor","username":"mor","email":"Morsgalut54@gmail.com","password":"$2b$10$nZO5E6GQI8Vm5UCD6kssR.pN8STj1Z05v8xACB6UtW75hlIiFhmZ.","balance":123,"isAdminAssistant":true,"userType":"executive","_id":"66b5ad4ffc0e8ff5a256ae1f","__v":0}
2024-08-09T05:47:05.991Z [error]: Login failed: Invalid password
2024-08-09T05:47:55.919Z [error]: Login failed: Invalid password
2024-08-09T05:48:11.153Z [error]: Login failed: Invalid password for user 'mor'.
2024-08-09T05:48:23.887Z [info]: All users fetched.
2024-08-09T05:48:23.902Z [info]: All users fetched.
2024-08-09T05:52:00.716Z [info]: User created: {"name":"mor","username":"mor","email":"Morsgalut54@gmail.com","password":"$2b$10$LxbZErbu40RJMENEpAlQO.y4joS9CdyDnc3htUXt4ZdFuFDhmiyUG","balance":123,"isAdminAssistant":true,"userType":"executive","_id":"66b5ae8000a72838743ec03e","__v":0}
2024-08-09T05:52:18.925Z [error]: Login failed: Invalid password for user 'mor'.
2024-08-09T05:52:45.092Z [error]: Login failed: Invalid password for user 'Morsgalut54@gmail.com'.
2024-08-09T05:55:27.763Z [error]: Login failed: Invalid password for user 'Morsgalut54@gmail.com'.
2024-08-09T06:00:20.478Z [error]: Login failed: User 'Morsgalut54@gmail.com' not found.
2024-08-09T06:01:15.269Z [error]: Login failed: User 'Morsgalut54@gmail.com' not found.
2024-08-09T06:01:37.740Z [error]: Login failed: Invalid password for user 'mor'.
2024-08-09T06:01:55.592Z [error]: Login failed: Invalid password for user 'mor'.
2024-08-09T06:02:58.096Z [error]: Login failed: Invalid password for user 'mor'.
2024-08-09T06:08:47.487Z [info]: User created: {"name":"baga","username":"xx","email":"Morgsdsdt54@gmail.com","password":"$2b$10$FCkoqoaIhZmL7nLGK40Lv.zYAK/WybvvkWnCbjiF.wCOINI5O1RUe","balance":1,"isAdminAssistant":false,"userType":"ordinary","_id":"66b5b26fe880d45d16792328","__v":0}
2024-08-09T06:08:58.486Z [error]: Login failed: Invalid password for user 'xx'.
2024-08-09T06:10:10.118Z [error]: Login failed: Invalid password
2024-08-09T06:11:21.203Z [error]: Login failed: Invalid password
2024-08-09T06:12:47.660Z [error]: Login failed: Invalid password
2024-08-09T06:12:59.404Z [error]: Login failed: Invalid password
2024-08-09T06:14:54.752Z [error]: Login failed: Invalid password
2024-08-09T06:16:20.029Z [error]: Login failed: Invalid password
2024-08-09T21:49:23.575Z [info]: User created: {"name":"mor galut","username":"mor","email":"Morgalut54@gmail.com","password":"$2b$10$pdZDkDNiL8/LMXwDW0tqKuQohPAhYIzpdkxFS/Jj6W14.Hd1xq0rW","balance":1,"isAdminAssistant":true,"userType":"ordinary","_id":"66b68ee30f6611b0e92299fd","__v":0}
2024-08-09T21:49:41.663Z [error]: Login failed: Invalid password
2024-08-09T21:49:56.411Z [error]: Login failed: Invalid username or email
2024-08-09T21:50:34.356Z [error]: Login failed: Invalid username or email
2024-08-09T21:57:04.589Z [info]: All users fetched.
2024-08-09T21:57:04.606Z [info]: All users fetched.
2024-08-09T21:57:52.945Z [info]: All users fetched.
2024-08-09T21:57:52.952Z [info]: All users fetched.
2024-08-09T21:57:55.677Z [info]: All users fetched.
2024-08-09T21:57:55.687Z [info]: All users fetched.
2024-08-09T21:57:58.781Z [info]: All users fetched.
2024-08-09T21:57:58.786Z [info]: All users fetched.
2024-08-09T22:11:20.805Z [info]: User created: {"name":"mor galut","username":"mor","email":"Morgalut54@gmail.com","password":"$2b$10$vspz7kQevkCoxN4K6yOQWOA4J1Ob13rQOCP5IdlWfBxWOYYLkPQS6","balance":2,"isAdminAssistant":true,"userType":"ordinary","_id":"66b6940880cd16f2a8a5586b","__v":0}
2024-08-09T22:11:37.812Z [error]: Login failed: Invalid password
2024-08-09T22:14:48.087Z [error]: Login failed: Invalid password
2024-08-09T22:18:29.435Z [error]: Login failed: Incorrect password
2024-08-09T22:18:54.829Z [error]: Admin assistant already exists. Only one is allowed.
2024-08-09T22:19:02.944Z [error]: Username or email already exists.
2024-08-09T22:19:10.399Z [info]: User created: {"name":"baga","username":"zzz","email":"Morgaluct54@gmail.com","password":"$2b$10$aT7EQ/xFInueKxdChM3O9O6/iXK8zPM/ztAe82./ALthmY919U9ri","balance":1,"isAdminAssistant":false,"userType":"executive","_id":"66b695de8543451d84f5c562","__v":0}
2024-08-09T22:19:26.560Z [error]: Login failed: User not found
2024-08-09T22:19:30.787Z [error]: Login failed: Incorrect password
2024-08-09T22:19:50.246Z [error]: Login failed: Incorrect password
2024-08-09T22:21:30.676Z [error]: Login failed: Incorrect password
2024-08-09T22:25:18.526Z [info]: User created: {"name":"John Doe","username":"johndoe","email":"johndoe@example.com","password":"$2b$10$FNdXCaeyq6MPpqKA6Qv0Me.6vdSppeERf6lOCxsXVAv7oBcdg5CZS","balance":1000,"isAdminAssistant":false,"userType":"ordinary","_id":"66b6974e8543451d84f5c569","__v":0}
2024-08-09T22:29:31.986Z [error]: Login failed due to server error: Incorrect password
2024-08-09T22:29:44.987Z [error]: Login failed due to server error: Incorrect password
2024-08-09T22:34:10.658Z [error]: Login failed due to server error: Incorrect password
2024-08-09T22:34:25.705Z [error]: Login failed due to server error: User not found
2024-08-09T22:34:48.908Z [error]: Login failed due to server error: Incorrect password
2024-08-09T22:35:05.809Z [error]: Admin assistant creation failed: Only one admin assistant is allowed.
2024-08-09T22:35:14.510Z [error]: Admin assistant creation failed: Only one admin assistant is allowed.
2024-08-09T22:35:21.837Z [info]: User created successfully: {"name":"waga baga","username":"aaa","email":"waga@gmai.com","password":"$2b$10$b5.bRMwRh3ZYl9xv60GBIOlcZirjukCqw3mGbe0YAJaKSxWQB4smi","balance":2,"isAdminAssistant":false,"userType":"executive","_id":"66b699a94c4e47b06af69e74","__v":0}
2024-08-09T22:35:35.127Z [error]: Login failed due to server error: Incorrect password
2024-08-09T22:37:40.247Z [error]: Login failed due to server error: Incorrect password
2024-08-09T22:38:03.313Z [error]: Login failed: No user found with username or email "aaa".
2024-08-09T22:38:46.182Z [error]: Login failed: No user found with username or email "johndoe".
2024-08-09T22:38:59.672Z [error]: Login failed: No user found with username or email "johndoe@example.com".
2024-08-09T22:39:31.674Z [error]: Login failed: No user found with username or email "mor".
2024-08-09T22:50:07.158Z [info]: All users fetched successfully.
2024-08-09T22:50:07.173Z [info]: All users fetched successfully.
2024-08-09T22:50:12.478Z [info]: All users fetched successfully.
2024-08-09T22:50:12.490Z [info]: All users fetched successfully.
2024-08-09T22:50:21.550Z [error]: Login failed: No user found with username or email "mor galut".
2024-08-09T22:50:56.322Z [error]: Login failed: No user found with username or email "mor".
2024-08-09T22:51:19.354Z [error]: Login failed: No user found with username or email "Morgalut54@gmail.com".
2024-08-09T23:02:08.178Z [info]: User created successfully: {"name":"mor galut","username":"mor","email":"Morgalut54@gmail.com","password":"$2b$10$acaAgN3CRzlilRU4nJXV6uRUB20mEgCxYsyvVyCreGKQet9pOAro.","balance":2,"isAdminAssistant":true,"userType":"ordinary","_id":"66b69ff0c9480f10cc489374","__v":0}
2024-08-10T05:57:23.701Z [warn]: Invalid username/email or password
2024-08-10T05:57:25.280Z [warn]: Invalid username/email or password
2024-08-10T05:57:37.858Z [warn]: Invalid username/email or password
2024-08-10T05:58:21.945Z [warn]: Invalid username/email or password
2024-08-10T06:01:03.763Z [warn]: Invalid username/email or password
2024-08-10T06:01:51.545Z [warn]: Invalid username/email or password
2024-08-10T06:08:28.102Z [error]: User creation failed: Invalid user type "manager".
2024-08-10T06:10:06.353Z [error]: User creation failed due to server error: User validation failed: userType: Path `userType` is required.
2024-08-10T06:11:06.972Z [error]: User creation failed due to server error: User validation failed: userType: Path `userType` is required.
2024-08-10T06:12:55.461Z [info]: User created successfully: {"username":"mor","email":"Morgalut54@gmail.com","password":"$2b$10$MGrl5KuhT5fX0APDH18FmeFOte1FU/wD2ekUlW13sNU8KAceBfq5W","userType":"manager","_id":"66b704e7d7aa00a5400d0d6d","createdAt":"2024-08-10T06:12:55.456Z","updatedAt":"2024-08-10T06:12:55.456Z","__v":0}
2024-08-10T06:13:18.509Z [info]: User mor logged in successfully
2024-08-10T06:13:33.544Z [info]: All users fetched successfully.
2024-08-10T06:13:33.559Z [info]: All users fetched successfully.
2024-08-10T06:13:45.394Z [info]: User balance updated successfully: {"_id":"66b704e7d7aa00a5400d0d6d","username":"mor","email":"Morgalut54@gmail.com","password":"$2b$10$MGrl5KuhT5fX0APDH18FmeFOte1FU/wD2ekUlW13sNU8KAceBfq5W","userType":"manager","createdAt":"2024-08-10T06:12:55.456Z","updatedAt":"2024-08-10T06:12:55.456Z","__v":0}
2024-08-10T06:13:45.411Z [info]: All users fetched successfully.
2024-08-10T06:14:05.179Z [info]: User mor logged in successfully
2024-08-10T06:20:01.637Z [error]: User creation failed due to server error: E11000 duplicate key error collection: NODE.users index: name_1 dup key: { name: null }
2024-08-10T06:20:31.004Z [error]: User creation failed due to server error: E11000 duplicate key error collection: NODE.users index: name_1 dup key: { name: null }
2024-08-10T06:20:34.330Z [error]: User creation failed due to server error: E11000 duplicate key error collection: NODE.users index: name_1 dup key: { name: null }
2024-08-10T06:21:23.875Z [info]: User mor logged in successfully
2024-08-10T06:24:11.607Z [error]: User creation failed due to server error: E11000 duplicate key error collection: NODE.users index: name_1 dup key: { name: null }
2024-08-10T06:24:29.730Z [error]: User creation failed due to server error: E11000 duplicate key error collection: NODE.users index: name_1 dup key: { name: null }
2024-08-10T06:24:51.161Z [error]: User creation failed due to server error: E11000 duplicate key error collection: NODE.users index: name_1 dup key: { name: null }
2024-08-10T06:25:17.297Z [error]: User creation failed due to server error: Username or email already exists
2024-08-10T06:25:22.537Z [error]: User creation failed due to server error: Username or email already exists
2024-08-10T06:26:23.093Z [error]: User creation failed due to server error: Username or email already exists
2024-08-10T06:28:08.842Z [error]: User creation failed due to server error: Username or email already exists
2024-08-10T06:31:50.927Z [error]: User creation failed due to server error: Username or email already exists
2024-08-10T06:32:16.816Z [info]: User created successfully: {"username":"as","email":"as@md.com","password":"$2b$10$JmA.oKKmeYlplSm42cs05uUXK8BNPYHVBH5JwIHaif5qeM9kFcJ86","userType":"regular","_id":"66b70970a21349eafa708150","createdAt":"2024-08-10T06:32:16.813Z","updatedAt":"2024-08-10T06:32:16.813Z","__v":0}
2024-08-10T06:32:20.574Z [error]: User creation failed: Username or email already exists.
2024-08-10T06:32:37.023Z [error]: User creation failed due to server error: Username or email already exists
2024-08-10T06:32:41.750Z [error]: User creation failed due to server error: Username or email already exists
2024-08-10T06:42:35.241Z [error]: User creation failed due to server error: Username or email already exists
2024-08-10T06:44:06.254Z [error]: User creation failed due to server error: Username or email already exists
2024-08-10T06:46:19.858Z [error]: User creation failed due to server error: Username or email already exists
2024-08-10T06:47:01.105Z [error]: User creation failed due to server error: Username or email already exists
2024-08-10T06:50:38.577Z [error]: User creation failed due to server error: Username or email already exists
2024-08-10T06:51:07.944Z [error]: User creation failed due to server error: Username or email already exists
2024-08-10T06:51:11.380Z [error]: User creation failed due to server error: Username or email already exists
2024-08-10T06:51:22.689Z [info]: User created successfully: {"username":"Mor","email":"asss@md.com","password":"$2b$10$.mWp0gArCGkNQ9F3moCyd.LXy0dNfk8OX8fNYeVUjjcUblmpVxyO.","userType":"manager","_id":"66b70dea9bc20392a101d1a1","createdAt":"2024-08-10T06:51:22.687Z","updatedAt":"2024-08-10T06:51:22.687Z","__v":0}
2024-08-10T06:51:40.448Z [warn]: Invalid username/email or password
2024-08-10T06:51:57.295Z [info]: User Mor logged in successfully
2024-08-10T07:04:08.333Z [info]: User Mor logged in successfully
2024-08-10T07:04:17.977Z [info]: All users fetched successfully.
2024-08-10T07:04:17.987Z [info]: All users fetched successfully.
2024-08-10T07:04:20.923Z [info]: All users fetched successfully.
2024-08-10T07:04:20.936Z [info]: All users fetched successfully.
2024-08-10T07:59:59.453Z [error]: User creation failed due to server error: Username or email already exists
2024-08-10T08:08:42.979Z [info]: User created successfully: {"username":"mor","email":"Morgalut54@gmail.com","password":"$2b$10$ixim/YneuHgfx0I7eTyoFuHQMptpgpOvoS3J0B6ImDBwRRZWqs0ya","userType":"manager","_id":"66b7200a87fa9b34f16d07c3","createdAt":"2024-08-10T08:08:42.971Z","updatedAt":"2024-08-10T08:08:42.971Z","__v":0}
2024-08-10T08:08:53.127Z [error]: User creation failed due to server error: Username or email already exists
2024-08-10T08:10:52.350Z [error]: User creation failed due to server error: Username or email already exists
2024-08-10T08:14:07.759Z [error]: User creation failed due to server error: E11000 duplicate key error collection: NODE.users index: name_1 dup key: { name: null }
2024-08-10T08:15:13.452Z [info]: User created successfully: {"username":"zxc","email":"zxc@gmail.com","password":"$2b$10$V5Gj.nEhCQ.OGeEBviO7lO1T0PDyS6J1SFGql5ZnWepQiKp5JPh/y","userType":"regular","_id":"66b72191eb498edec49fdc4c","createdAt":"2024-08-10T08:15:13.447Z","updatedAt":"2024-08-10T08:15:13.447Z","__v":0}
2024-08-10T08:17:40.366Z [error]: User creation failed due to server error: E11000 duplicate key error collection: NODE.users index: name_1 dup key: { name: null }
2024-08-10T08:22:41.027Z [error]: User creation failed due to server error: E11000 duplicate key error collection: NODE.users index: name_1 dup key: { name: null }
2024-08-10T08:22:48.498Z [error]: User creation failed due to server error: E11000 duplicate key error collection: NODE.users index: name_1 dup key: { name: null }
2024-08-10T09:55:31.297Z [error]: User creation failed due to server error: E11000 duplicate key error collection: NODE.users index: name_1 dup key: { name: null }
2024-08-10T10:05:48.092Z [error]: User creation failed due to server error: User creation failed: E11000 duplicate key error collection: NODE.users index: name_1 dup key: { name: null }
2024-08-10T10:08:38.954Z [error]: User creation failed due to server error: User creation failed: All fields are required
2024-08-10T10:08:57.290Z [error]: User creation failed due to server error: User creation failed: All fields are required
2024-08-10T10:09:23.967Z [error]: User creation failed due to server error: User creation failed: All fields are required
2024-08-10T10:14:18.682Z [error]: User creation failed due to server error: User creation failed: E11000 duplicate key error collection: NODE.users index: name_1 dup key: { name: null }
2024-08-10T10:14:39.420Z [error]: User creation failed due to server error: User creation failed: E11000 duplicate key error collection: NODE.users index: name_1 dup key: { name: null }
2024-08-10T10:52:17.808Z [error]: User creation failed due to server error: User creation failed: E11000 duplicate key error collection: NODE.users index: name_1 dup key: { name: null }
2024-08-10T10:52:26.048Z [error]: User creation failed due to server error: User creation failed: E11000 duplicate key error collection: NODE.users index: name_1 dup key: { name: null }
2024-08-10T10:52:30.881Z [error]: User creation failed due to server error: User creation failed: E11000 duplicate key error collection: NODE.users index: name_1 dup key: { name: null }
2024-08-10T10:56:27.009Z [error]: User creation failed due to server error: Username or email already exists
2024-08-10T10:58:21.301Z [error]: User creation failed due to server error: Username or email already exists
2024-08-10T11:00:42.145Z [error]: User creation failed: Username or email already exists
2024-08-10T11:01:01.216Z [error]: User creation failed: Username or email already exists
2024-08-10T11:01:06.742Z [error]: User creation failed: Username or email already exists
2024-08-10T11:01:16.796Z [error]: User creation failed: Username or email already exists
2024-08-10T11:01:25.804Z [error]: User creation failed: Username or email already exists
2024-08-10T11:01:31.993Z [error]: User creation failed: Username or email already exists
2024-08-10T11:01:34.875Z [error]: User creation failed: Username or email already exists
2024-08-10T11:08:11.928Z [error]: User creation failed: Username or email already exists
2024-08-10T11:08:31.650Z [info]: User created successfully: {"username":"dw","email":"dsa@mro.COM","password":"$2b$10$bgKSPwhKW0prOLBmBYVIK.n2u1.TI3PwBc.SCild8nFGfGn.JswTi","userType":"manager","_id":"66b74a2f4f6c292c46f4de18","createdAt":"2024-08-10T11:08:31.646Z","updatedAt":"2024-08-10T11:08:31.646Z","__v":0}
2024-08-10T11:08:53.864Z [error]: User creation failed: Username or email already exists
2024-08-10T11:11:11.697Z [error]: User creation failed: Username or email already exists
2024-08-10T11:13:43.998Z [error]: User creation failed: Username or email already exists
2024-08-10T11:13:46.768Z [error]: User creation failed: Username or email already exists
2024-08-10T11:20:46.449Z [error]: User creation failed: Username or email already exists
2024-08-10T11:27:45.134Z [error]: User creation failed: User creation failed: E11000 duplicate key error collection: NODE.users index: name_1 dup key: { name: null }
2024-08-10T11:28:50.997Z [info]: User created successfully: undefined
2024-08-10T11:29:09.672Z [info]: User created successfully: undefined
2024-08-10T11:31:23.692Z [error]: User creation failed: User creation failed due to a duplicate key: E11000 duplicate key error collection: NODE.users index: name_1 dup key: { name: null }
2024-08-10T11:31:35.825Z [error]: User creation failed: User creation failed due to a duplicate key: E11000 duplicate key error collection: NODE.users index: name_1 dup key: { name: null }
2024-08-10T11:31:37.540Z [error]: User creation failed: User creation failed due to a duplicate key: E11000 duplicate key error collection: NODE.users index: name_1 dup key: { name: null }
2024-08-10T11:31:37.881Z [error]: User creation failed: User creation failed due to a duplicate key: E11000 duplicate key error collection: NODE.users index: name_1 dup key: { name: null }
2024-08-10T11:31:38.047Z [error]: User creation failed: User creation failed due to a duplicate key: E11000 duplicate key error collection: NODE.users index: name_1 dup key: { name: null }
2024-08-10T11:31:46.505Z [info]: User created successfully: {"username":"mor","email":"morgalut54@gmail.com","password":"$2b$10$E2KKGWVF//WLjoAxwlRr1u1B/Fcoxi6reMXsuxSSBMbP581yTuSru","userType":"regular","_id":"66b74fa2885df4a0af07a72d","createdAt":"2024-08-10T11:31:46.503Z","updatedAt":"2024-08-10T11:31:46.503Z","__v":0}
2024-08-10T11:32:05.002Z [info]: User created successfully: {"username":"mor","email":"morgalut54@gmail.com","password":"$2b$10$XKq9HlIUtczFCrDy4lfXYOTQJp2vH2XwoDzZrjpVN.8iHglKQgQC6","userType":"manager","_id":"66b74fb5885df4a0af07a72f","createdAt":"2024-08-10T11:32:05.000Z","updatedAt":"2024-08-10T11:32:05.000Z","__v":0}
2024-08-10T11:32:20.702Z [error]: User creation failed: User creation failed due to a duplicate key: E11000 duplicate key error collection: NODE.users index: name_1 dup key: { name: null }
2024-08-10T11:41:00.846Z [error]: User creation failed: User creation failed due to a duplicate key: E11000 duplicate key error collection: NODE.users index: name_1 dup key: { name: null }
2024-08-10T11:50:46.458Z [error]: User creation failed: User creation failed due to a duplicate key: E11000 duplicate key error collection: NODE.users index: name_1 dup key: { name: null }
2024-08-10T16:49:38.722Z [info]: All users fetched successfully.
2024-08-10T16:49:38.736Z [info]: All users fetched successfully.
2024-08-10T16:49:52.107Z [info]: User created successfully: {"username":"sggg","email":"dsa@mro.com","password":"$2b$10$vOOFU1yUDoRQ5BRzc.jbMOV0eq7fnd4usNlSPaHS7I5ZhZPwtMgQG","userType":"regular","isAdmin":false,"_id":"66b79a30d33610b629f891bb","createdAt":"2024-08-10T16:49:52.101Z","updatedAt":"2024-08-10T16:49:52.101Z","__v":0}
2024-08-10T16:55:07.004Z [info]: All users fetched successfully.
2024-08-10T16:55:07.015Z [info]: All users fetched successfully.
2024-08-10T16:55:12.577Z [info]: User balance updated successfully: {"_id":"66b75b0db379b4c3236a6939","username":"adss","email":"ads@ad.com","password":"$2b$10$az/UpPTTOaQaHYcOpPVtDOayusjb.bsrFHmVuizBflpj/2N3lI8Ea","userType":"regular","isAdmin":false,"createdAt":"2024-08-10T12:20:29.804Z","updatedAt":"2024-08-10T12:20:29.804Z","__v":0}
2024-08-10T16:55:12.591Z [info]: All users fetched successfully.
2024-08-10T16:56:16.789Z [info]: User balance updated successfully: {"Balance":false,"_id":"66b79a30d33610b629f891bb","username":"sggg","email":"dsa@mro.com","password":"$2b$10$vOOFU1yUDoRQ5BRzc.jbMOV0eq7fnd4usNlSPaHS7I5ZhZPwtMgQG","userType":"regular","isAdmin":false,"createdAt":"2024-08-10T16:49:52.101Z","updatedAt":"2024-08-10T16:49:52.101Z","__v":0}
2024-08-10T16:56:16.801Z [info]: All users fetched successfully.
2024-08-10T16:57:12.121Z [info]: All users fetched successfully.
2024-08-10T16:57:12.130Z [info]: All users fetched successfully.
2024-08-10T16:58:19.551Z [info]: All users fetched successfully.
2024-08-10T16:58:19.577Z [info]: All users fetched successfully.
2024-08-10T16:58:21.018Z [info]: All users fetched successfully.
2024-08-10T16:58:21.024Z [info]: All users fetched successfully.
2024-08-10T16:58:24.491Z [info]: All users fetched successfully.
2024-08-10T16:58:24.498Z [info]: All users fetched successfully.
2024-08-10T16:59:02.009Z [info]: User balance updated successfully: {"Balance":false,"_id":"66b75b0db379b4c3236a6939","username":"adss","email":"ads@ad.com","password":"$2b$10$az/UpPTTOaQaHYcOpPVtDOayusjb.bsrFHmVuizBflpj/2N3lI8Ea","userType":"regular","isAdmin":false,"createdAt":"2024-08-10T12:20:29.804Z","updatedAt":"2024-08-10T12:20:29.804Z","__v":0}
2024-08-10T16:59:02.023Z [info]: All users fetched successfully.
2024-08-10T17:00:35.358Z [info]: All users fetched successfully.
2024-08-10T17:00:35.364Z [info]: All users fetched successfully.
2024-08-10T17:00:40.898Z [info]: All users fetched successfully.
2024-08-10T17:00:40.911Z [info]: All users fetched successfully.
2024-08-10T17:03:40.167Z [info]: User mor logged in successfully
2024-08-10T17:03:52.094Z [info]: All users fetched successfully.
2024-08-10T17:03:52.099Z [info]: All users fetched successfully.
2024-08-10T17:05:03.359Z [info]: All users fetched successfully.
2024-08-10T17:05:09.019Z [info]: User balance updated successfully: {"_id":"66b75b0db379b4c3236a6939","username":"adss","email":"ads@ad.com","password":"$2b$10$az/UpPTTOaQaHYcOpPVtDOayusjb.bsrFHmVuizBflpj/2N3lI8Ea","userType":"regular","isAdmin":false,"createdAt":"2024-08-10T12:20:29.804Z","updatedAt":"2024-08-10T12:20:29.804Z","__v":0,"Balance":false}
2024-08-10T17:05:09.031Z [info]: All users fetched successfully.
2024-08-10T17:08:07.506Z [info]: All users fetched successfully.
2024-08-10T17:08:07.515Z [info]: All users fetched successfully.
2024-08-10T17:08:09.473Z [info]: All users fetched successfully.
2024-08-10T17:08:09.482Z [info]: All users fetched successfully.
2024-08-10T17:11:49.664Z [info]: All users fetched successfully.
2024-08-10T17:11:49.675Z [info]: All users fetched successfully.
2024-08-10T17:12:01.449Z [info]: User balance updated successfully: {"balance":222,"_id":"66b75b0db379b4c3236a6939","username":"adss","email":"ads@ad.com","password":"$2b$10$az/UpPTTOaQaHYcOpPVtDOayusjb.bsrFHmVuizBflpj/2N3lI8Ea","userType":"regular","isAdmin":false,"createdAt":"2024-08-10T12:20:29.804Z","updatedAt":"2024-08-10T17:12:01.443Z","__v":0,"Balance":false}
2024-08-10T17:12:01.468Z [info]: All users fetched successfully.
2024-08-10T17:12:05.296Z [info]: User balance updated successfully: {"balance":23,"_id":"66b75b20b379b4c3236a693c","username":"mor","email":"morgalut54@gmail.com","password":"$2b$10$LUqF2JjEKoSk/ALOR0IcReDB4WUWup9IhRnwDEzw47LucQWXwa7Du","userType":"manager","isAdmin":false,"createdAt":"2024-08-10T12:20:48.266Z","updatedAt":"2024-08-10T17:12:05.291Z","__v":0}
2024-08-10T17:12:05.313Z [info]: All users fetched successfully.
2024-08-10T17:12:07.681Z [info]: User balance updated successfully: {"balance":55,"_id":"66b75b35b379b4c3236a693f","username":"mord","email":"mo@mo.com","password":"$2b$10$kY4PRa7HoVH3TiUdNhskue5Volzon3eDdlSEQgiqNJ8/cY3ALUncC","userType":"regular","isAdmin":false,"createdAt":"2024-08-10T12:21:09.662Z","updatedAt":"2024-08-10T17:12:07.676Z","__v":0}
2024-08-10T17:12:07.700Z [info]: All users fetched successfully.
2024-08-10T17:12:11.077Z [info]: User balance updated successfully: {"balance":342,"_id":"66b79a30d33610b629f891bb","username":"sggg","email":"dsa@mro.com","password":"$2b$10$vOOFU1yUDoRQ5BRzc.jbMOV0eq7fnd4usNlSPaHS7I5ZhZPwtMgQG","userType":"regular","isAdmin":false,"createdAt":"2024-08-10T16:49:52.101Z","updatedAt":"2024-08-10T17:12:11.071Z","__v":0,"Balance":false}
2024-08-10T17:12:11.096Z [info]: All users fetched successfully.
2024-08-10T17:12:42.356Z [info]: All users fetched successfully.
2024-08-10T17:12:46.410Z [info]: All users fetched successfully.
2024-08-10T17:12:46.417Z [info]: All users fetched successfully.
2024-08-10T17:12:52.512Z [info]: User balance updated successfully: {"_id":"66b75b0db379b4c3236a6939","username":"adss","email":"ads@ad.com","password":"$2b$10$az/UpPTTOaQaHYcOpPVtDOayusjb.bsrFHmVuizBflpj/2N3lI8Ea","userType":"regular","isAdmin":false,"createdAt":"2024-08-10T12:20:29.804Z","updatedAt":"2024-08-10T17:12:52.507Z","__v":0,"Balance":false,"balance":22}
2024-08-10T17:12:52.531Z [info]: All users fetched successfully.
2024-08-10T17:12:57.972Z [info]: All users fetched successfully.
2024-08-10T17:12:57.984Z [info]: All users fetched successfully.
2024-08-10T17:27:51.439Z [info]: All users fetched successfully.
2024-08-10T17:27:51.458Z [info]: All users fetched successfully.
2024-08-10T17:28:13.626Z [info]: User mor logged in successfully
2024-08-10T17:28:15.507Z [info]: All users fetched successfully.
2024-08-10T17:28:15.531Z [info]: All users fetched successfully.
2024-08-10T17:28:25.785Z [info]: User mor logged in successfully
2024-08-10T17:28:31.022Z [info]: All users fetched successfully.
2024-08-10T17:28:31.043Z [info]: All users fetched successfully.
2024-08-10T17:34:51.872Z [info]: All users fetched successfully.
2024-08-10T17:34:51.892Z [info]: User fetched successfully: {"_id":"66b75b20b379b4c3236a693c","username":"mor","email":"morgalut54@gmail.com","password":"$2b$10$LUqF2JjEKoSk/ALOR0IcReDB4WUWup9IhRnwDEzw47LucQWXwa7Du","userType":"manager","isAdmin":false,"createdAt":"2024-08-10T12:20:48.266Z","updatedAt":"2024-08-10T17:12:05.291Z","__v":0,"balance":23}
2024-08-10T17:34:51.899Z [info]: All users fetched successfully.
2024-08-10T17:35:00.864Z [info]: User mor logged in successfully
2024-08-10T17:35:02.751Z [info]: All users fetched successfully.
2024-08-10T17:35:02.759Z [info]: User fetched successfully: {"_id":"66b75b20b379b4c3236a693c","username":"mor","email":"morgalut54@gmail.com","password":"$2b$10$LUqF2JjEKoSk/ALOR0IcReDB4WUWup9IhRnwDEzw47LucQWXwa7Du","userType":"manager","isAdmin":false,"createdAt":"2024-08-10T12:20:48.266Z","updatedAt":"2024-08-10T17:12:05.291Z","__v":0,"balance":23}
2024-08-10T17:35:02.762Z [info]: All users fetched successfully.
2024-08-10T17:35:11.501Z [info]: All users fetched successfully.
2024-08-10T17:35:11.512Z [info]: All users fetched successfully.
2024-08-10T17:35:13.241Z [info]: All users fetched successfully.
2024-08-10T17:35:13.253Z [info]: User fetched successfully: {"_id":"66b75b20b379b4c3236a693c","username":"mor","email":"morgalut54@gmail.com","password":"$2b$10$LUqF2JjEKoSk/ALOR0IcReDB4WUWup9IhRnwDEzw47LucQWXwa7Du","userType":"manager","isAdmin":false,"createdAt":"2024-08-10T12:20:48.266Z","updatedAt":"2024-08-10T17:12:05.291Z","__v":0,"balance":23}
2024-08-10T17:35:13.256Z [info]: All users fetched successfully.
2024-08-10T17:35:14.113Z [info]: All users fetched successfully.
2024-08-10T17:35:14.124Z [info]: All users fetched successfully.
2024-08-10T17:35:15.195Z [info]: All users fetched successfully.
2024-08-10T17:35:15.211Z [info]: User fetched successfully: {"_id":"66b75b20b379b4c3236a693c","username":"mor","email":"morgalut54@gmail.com","password":"$2b$10$LUqF2JjEKoSk/ALOR0IcReDB4WUWup9IhRnwDEzw47LucQWXwa7Du","userType":"manager","isAdmin":false,"createdAt":"2024-08-10T12:20:48.266Z","updatedAt":"2024-08-10T17:12:05.291Z","__v":0,"balance":23}
2024-08-10T17:35:15.221Z [info]: All users fetched successfully.
2024-08-10T17:35:19.693Z [info]: All users fetched successfully.
2024-08-10T17:35:19.702Z [info]: All users fetched successfully.
2024-08-10T17:35:24.524Z [info]: User balance updated successfully: {"_id":"66b75b20b379b4c3236a693c","username":"mor","email":"morgalut54@gmail.com","password":"$2b$10$LUqF2JjEKoSk/ALOR0IcReDB4WUWup9IhRnwDEzw47LucQWXwa7Du","userType":"manager","isAdmin":false,"createdAt":"2024-08-10T12:20:48.266Z","updatedAt":"2024-08-10T17:35:24.512Z","__v":0,"balance":233}
2024-08-10T17:35:24.539Z [info]: All users fetched successfully.
2024-08-10T17:35:25.749Z [info]: All users fetched successfully.
2024-08-10T17:35:25.769Z [info]: User fetched successfully: {"_id":"66b75b20b379b4c3236a693c","username":"mor","email":"morgalut54@gmail.com","password":"$2b$10$LUqF2JjEKoSk/ALOR0IcReDB4WUWup9IhRnwDEzw47LucQWXwa7Du","userType":"manager","isAdmin":false,"createdAt":"2024-08-10T12:20:48.266Z","updatedAt":"2024-08-10T17:35:24.512Z","__v":0,"balance":233}
2024-08-10T17:35:25.775Z [info]: All users fetched successfully.
2024-08-10T17:35:29.032Z [info]: All users fetched successfully.
2024-08-10T17:35:29.044Z [info]: All users fetched successfully.
2024-08-10T17:36:08.781Z [info]: All users fetched successfully.
2024-08-10T17:36:08.804Z [info]: User fetched successfully: {"_id":"66b75b20b379b4c3236a693c","username":"mor","email":"morgalut54@gmail.com","password":"$2b$10$LUqF2JjEKoSk/ALOR0IcReDB4WUWup9IhRnwDEzw47LucQWXwa7Du","userType":"manager","isAdmin":false,"createdAt":"2024-08-10T12:20:48.266Z","updatedAt":"2024-08-10T17:35:24.512Z","__v":0,"balance":233}
2024-08-10T17:36:08.809Z [info]: All users fetched successfully.
2024-08-10T17:36:19.923Z [info]: All users fetched successfully.
2024-08-10T17:36:19.933Z [info]: All users fetched successfully.
2024-08-10T17:39:20.373Z [info]: All users fetched successfully.
2024-08-10T17:39:20.394Z [info]: User fetched successfully: {"_id":"66b75b20b379b4c3236a693c","username":"mor","email":"morgalut54@gmail.com","password":"$2b$10$LUqF2JjEKoSk/ALOR0IcReDB4WUWup9IhRnwDEzw47LucQWXwa7Du","userType":"manager","isAdmin":false,"createdAt":"2024-08-10T12:20:48.266Z","updatedAt":"2024-08-10T17:35:24.512Z","__v":0,"balance":233}
2024-08-10T17:39:20.401Z [info]: All users fetched successfully.
2024-08-10T17:39:30.447Z [info]: User mor logged in successfully
2024-08-10T17:39:32.970Z [info]: All users fetched successfully.
2024-08-10T17:39:32.989Z [info]: All users fetched successfully.
2024-08-10T17:39:32.998Z [info]: User fetched successfully: {"_id":"66b75b20b379b4c3236a693c","username":"mor","email":"morgalut54@gmail.com","password":"$2b$10$LUqF2JjEKoSk/ALOR0IcReDB4WUWup9IhRnwDEzw47LucQWXwa7Du","userType":"manager","isAdmin":false,"createdAt":"2024-08-10T12:20:48.266Z","updatedAt":"2024-08-10T17:35:24.512Z","__v":0,"balance":233}
2024-08-10T18:40:20.474Z [info]: All users fetched successfully.
2024-08-10T18:40:20.480Z [info]: All users fetched successfully.
2024-08-10T18:40:20.525Z [info]: User fetched successfully: {"_id":"66b75b20b379b4c3236a693c","username":"mor","email":"morgalut54@gmail.com","password":"$2b$10$LUqF2JjEKoSk/ALOR0IcReDB4WUWup9IhRnwDEzw47LucQWXwa7Du","userType":"manager","isAdmin":false,"createdAt":"2024-08-10T12:20:48.266Z","updatedAt":"2024-08-10T17:35:24.512Z","__v":0,"balance":233}
2024-08-10T18:40:53.368Z [info]: User fetched successfully: {"_id":"66b75b20b379b4c3236a693c","username":"mor","email":"morgalut54@gmail.com","password":"$2b$10$LUqF2JjEKoSk/ALOR0IcReDB4WUWup9IhRnwDEzw47LucQWXwa7Du","userType":"manager","isAdmin":false,"createdAt":"2024-08-10T12:20:48.266Z","updatedAt":"2024-08-10T17:35:24.512Z","__v":0,"balance":233}
2024-08-10T18:40:53.385Z [info]: User fetched successfully: {"_id":"66b75b20b379b4c3236a693c","username":"mor","email":"morgalut54@gmail.com","password":"$2b$10$LUqF2JjEKoSk/ALOR0IcReDB4WUWup9IhRnwDEzw47LucQWXwa7Du","userType":"manager","isAdmin":false,"createdAt":"2024-08-10T12:20:48.266Z","updatedAt":"2024-08-10T17:35:24.512Z","__v":0,"balance":233}
2024-08-10T18:41:09.359Z [info]: User fetched successfully: {"_id":"66b75b20b379b4c3236a693c","username":"mor","email":"morgalut54@gmail.com","password":"$2b$10$LUqF2JjEKoSk/ALOR0IcReDB4WUWup9IhRnwDEzw47LucQWXwa7Du","userType":"manager","isAdmin":false,"createdAt":"2024-08-10T12:20:48.266Z","updatedAt":"2024-08-10T17:35:24.512Z","__v":0,"balance":233}
2024-08-10T18:41:09.364Z [info]: User fetched successfully: {"_id":"66b75b20b379b4c3236a693c","username":"mor","email":"morgalut54@gmail.com","password":"$2b$10$LUqF2JjEKoSk/ALOR0IcReDB4WUWup9IhRnwDEzw47LucQWXwa7Du","userType":"manager","isAdmin":false,"createdAt":"2024-08-10T12:20:48.266Z","updatedAt":"2024-08-10T17:35:24.512Z","__v":0,"balance":233}
2024-08-10T18:41:10.353Z [info]: User fetched successfully: {"_id":"66b75b20b379b4c3236a693c","username":"mor","email":"morgalut54@gmail.com","password":"$2b$10$LUqF2JjEKoSk/ALOR0IcReDB4WUWup9IhRnwDEzw47LucQWXwa7Du","userType":"manager","isAdmin":false,"createdAt":"2024-08-10T12:20:48.266Z","updatedAt":"2024-08-10T17:35:24.512Z","__v":0,"balance":233}
2024-08-10T18:41:10.359Z [info]: User fetched successfully: {"_id":"66b75b20b379b4c3236a693c","username":"mor","email":"morgalut54@gmail.com","password":"$2b$10$LUqF2JjEKoSk/ALOR0IcReDB4WUWup9IhRnwDEzw47LucQWXwa7Du","userType":"manager","isAdmin":false,"createdAt":"2024-08-10T12:20:48.266Z","updatedAt":"2024-08-10T17:35:24.512Z","__v":0,"balance":233}
2024-08-10T18:41:17.572Z [info]: All users fetched successfully.
2024-08-10T18:41:17.579Z [info]: All users fetched successfully.
2024-08-10T18:41:17.640Z [info]: User fetched successfully: {"_id":"66b75b20b379b4c3236a693c","username":"mor","email":"morgalut54@gmail.com","password":"$2b$10$LUqF2JjEKoSk/ALOR0IcReDB4WUWup9IhRnwDEzw47LucQWXwa7Du","userType":"manager","isAdmin":false,"createdAt":"2024-08-10T12:20:48.266Z","updatedAt":"2024-08-10T17:35:24.512Z","__v":0,"balance":233}
2024-08-10T18:48:14.371Z [info]: User fetched successfully: {"_id":"66b75b20b379b4c3236a693c","username":"mor","email":"morgalut54@gmail.com","password":"$2b$10$LUqF2JjEKoSk/ALOR0IcReDB4WUWup9IhRnwDEzw47LucQWXwa7Du","userType":"manager","isAdmin":false,"createdAt":"2024-08-10T12:20:48.266Z","updatedAt":"2024-08-10T17:35:24.512Z","__v":0,"balance":233}
2024-08-10T18:49:22.371Z [info]: User fetched successfully: {"_id":"66b75b20b379b4c3236a693c","username":"mor","email":"morgalut54@gmail.com","password":"$2b$10$LUqF2JjEKoSk/ALOR0IcReDB4WUWup9IhRnwDEzw47LucQWXwa7Du","userType":"manager","isAdmin":false,"createdAt":"2024-08-10T12:20:48.266Z","updatedAt":"2024-08-10T17:35:24.512Z","__v":0,"balance":233}
2024-08-10T18:49:26.370Z [info]: User fetched successfully: {"_id":"66b75b20b379b4c3236a693c","username":"mor","email":"morgalut54@gmail.com","password":"$2b$10$LUqF2JjEKoSk/ALOR0IcReDB4WUWup9IhRnwDEzw47LucQWXwa7Du","userType":"manager","isAdmin":false,"createdAt":"2024-08-10T12:20:48.266Z","updatedAt":"2024-08-10T17:35:24.512Z","__v":0,"balance":233}
2024-08-10T18:52:37.021Z [info]: All users fetched successfully.
2024-08-10T18:52:37.036Z [info]: All users fetched successfully.
2024-08-10T18:52:40.004Z [info]: All users fetched successfully.
2024-08-10T18:52:40.028Z [info]: User fetched successfully: {"_id":"66b75b20b379b4c3236a693c","username":"mor","email":"morgalut54@gmail.com","password":"$2b$10$LUqF2JjEKoSk/ALOR0IcReDB4WUWup9IhRnwDEzw47LucQWXwa7Du","userType":"manager","isAdmin":false,"createdAt":"2024-08-10T12:20:48.266Z","updatedAt":"2024-08-10T17:35:24.512Z","__v":0,"balance":233}
2024-08-10T18:52:40.035Z [info]: All users fetched successfully.
2024-08-10T18:52:48.990Z [info]: User mor logged in successfully
2024-08-10T18:52:50.667Z [info]: All users fetched successfully.
2024-08-10T18:52:50.689Z [info]: User fetched successfully: {"_id":"66b75b20b379b4c3236a693c","username":"mor","email":"morgalut54@gmail.com","password":"$2b$10$LUqF2JjEKoSk/ALOR0IcReDB4WUWup9IhRnwDEzw47LucQWXwa7Du","userType":"manager","isAdmin":false,"createdAt":"2024-08-10T12:20:48.266Z","updatedAt":"2024-08-10T17:35:24.512Z","__v":0,"balance":233}
2024-08-10T18:52:50.697Z [info]: All users fetched successfully.
2024-08-10T18:52:54.160Z [info]: All users fetched successfully.
2024-08-10T18:52:54.167Z [info]: All users fetched successfully.
2024-08-10T18:52:54.228Z [info]: User fetched successfully: {"_id":"66b75b20b379b4c3236a693c","username":"mor","email":"morgalut54@gmail.com","password":"$2b$10$LUqF2JjEKoSk/ALOR0IcReDB4WUWup9IhRnwDEzw47LucQWXwa7Du","userType":"manager","isAdmin":false,"createdAt":"2024-08-10T12:20:48.266Z","updatedAt":"2024-08-10T17:35:24.512Z","__v":0,"balance":233}
2024-08-10T18:55:49.779Z [info]: All users fetched successfully.
2024-08-10T18:55:49.786Z [info]: All users fetched successfully.
2024-08-10T18:55:49.844Z [info]: User fetched successfully: {"_id":"66b75b20b379b4c3236a693c","username":"mor","email":"morgalut54@gmail.com","password":"$2b$10$LUqF2JjEKoSk/ALOR0IcReDB4WUWup9IhRnwDEzw47LucQWXwa7Du","userType":"manager","isAdmin":false,"createdAt":"2024-08-10T12:20:48.266Z","updatedAt":"2024-08-10T17:35:24.512Z","__v":0,"balance":233}
2024-08-10T18:56:56.400Z [warn]: Invalid username/email or password
2024-08-10T18:57:13.143Z [info]: User mord logged in successfully
2024-08-10T18:57:15.766Z [info]: All users fetched successfully.
2024-08-10T18:57:15.780Z [info]: All users fetched successfully.
2024-08-10T18:57:15.789Z [info]: User fetched successfully: {"_id":"66b75b35b379b4c3236a693f","username":"mord","email":"mo@mo.com","password":"$2b$10$kY4PRa7HoVH3TiUdNhskue5Volzon3eDdlSEQgiqNJ8/cY3ALUncC","userType":"regular","isAdmin":false,"createdAt":"2024-08-10T12:21:09.662Z","updatedAt":"2024-08-10T17:12:07.676Z","__v":0,"balance":55}
2024-08-10T19:02:33.028Z [info]: All users fetched successfully.
2024-08-10T19:02:33.055Z [info]: User fetched successfully: {"_id":"66b75b35b379b4c3236a693f","username":"mord","email":"mo@mo.com","password":"$2b$10$kY4PRa7HoVH3TiUdNhskue5Volzon3eDdlSEQgiqNJ8/cY3ALUncC","userType":"regular","isAdmin":false,"createdAt":"2024-08-10T12:21:09.662Z","updatedAt":"2024-08-10T17:12:07.676Z","__v":0,"balance":55}
2024-08-10T19:02:33.061Z [info]: All users fetched successfully.
2024-08-10T19:02:39.245Z [info]: All users fetched successfully.
2024-08-10T19:02:39.277Z [info]: All users fetched successfully.
2024-08-10T19:02:41.261Z [info]: All users fetched successfully.
2024-08-10T19:02:41.301Z [info]: User fetched successfully: {"_id":"66b75b35b379b4c3236a693f","username":"mord","email":"mo@mo.com","password":"$2b$10$kY4PRa7HoVH3TiUdNhskue5Volzon3eDdlSEQgiqNJ8/cY3ALUncC","userType":"regular","isAdmin":false,"createdAt":"2024-08-10T12:21:09.662Z","updatedAt":"2024-08-10T17:12:07.676Z","__v":0,"balance":55}
2024-08-10T19:02:41.306Z [info]: All users fetched successfully.
2024-08-10T19:30:46.492Z [info]: All users fetched successfully.
2024-08-10T19:30:46.500Z [info]: All users fetched successfully.
2024-08-10T19:30:46.562Z [info]: User fetched successfully: {"_id":"66b75b35b379b4c3236a693f","username":"mord","email":"mo@mo.com","password":"$2b$10$kY4PRa7HoVH3TiUdNhskue5Volzon3eDdlSEQgiqNJ8/cY3ALUncC","userType":"regular","isAdmin":false,"createdAt":"2024-08-10T12:21:09.662Z","updatedAt":"2024-08-10T17:12:07.676Z","__v":0,"balance":55}
2024-08-10T19:34:13.317Z [info]: All users fetched successfully.
2024-08-10T19:34:13.327Z [info]: All users fetched successfully.
2024-08-10T19:34:15.161Z [info]: All users fetched successfully.
2024-08-10T19:34:15.178Z [info]: User fetched successfully: {"_id":"66b75b35b379b4c3236a693f","username":"mord","email":"mo@mo.com","password":"$2b$10$kY4PRa7HoVH3TiUdNhskue5Volzon3eDdlSEQgiqNJ8/cY3ALUncC","userType":"regular","isAdmin":false,"createdAt":"2024-08-10T12:21:09.662Z","updatedAt":"2024-08-10T17:12:07.676Z","__v":0,"balance":55}
2024-08-10T19:34:15.184Z [info]: All users fetched successfully.
2024-08-10T19:43:13.359Z [info]: User fetched successfully: {"_id":"66b75b35b379b4c3236a693f","username":"mord","email":"mo@mo.com","password":"$2b$10$kY4PRa7HoVH3TiUdNhskue5Volzon3eDdlSEQgiqNJ8/cY3ALUncC","userType":"regular","isAdmin":false,"createdAt":"2024-08-10T12:21:09.662Z","updatedAt":"2024-08-10T17:12:07.676Z","__v":0,"balance":55}
2024-08-10T19:43:13.368Z [info]: User fetched successfully: {"_id":"66b75b35b379b4c3236a693f","username":"mord","email":"mo@mo.com","password":"$2b$10$kY4PRa7HoVH3TiUdNhskue5Volzon3eDdlSEQgiqNJ8/cY3ALUncC","userType":"regular","isAdmin":false,"createdAt":"2024-08-10T12:21:09.662Z","updatedAt":"2024-08-10T17:12:07.676Z","__v":0,"balance":55}
2024-08-10T19:43:29.372Z [info]: User fetched successfully: {"_id":"66b75b35b379b4c3236a693f","username":"mord","email":"mo@mo.com","password":"$2b$10$kY4PRa7HoVH3TiUdNhskue5Volzon3eDdlSEQgiqNJ8/cY3ALUncC","userType":"regular","isAdmin":false,"createdAt":"2024-08-10T12:21:09.662Z","updatedAt":"2024-08-10T17:12:07.676Z","__v":0,"balance":55}
2024-08-10T19:43:42.378Z [info]: All users fetched successfully.
2024-08-10T19:43:42.410Z [info]: User fetched successfully: {"_id":"66b75b35b379b4c3236a693f","username":"mord","email":"mo@mo.com","password":"$2b$10$kY4PRa7HoVH3TiUdNhskue5Volzon3eDdlSEQgiqNJ8/cY3ALUncC","userType":"regular","isAdmin":false,"createdAt":"2024-08-10T12:21:09.662Z","updatedAt":"2024-08-10T17:12:07.676Z","__v":0,"balance":55}
2024-08-10T19:43:42.427Z [info]: All users fetched successfully.
2024-08-10T19:43:47.147Z [info]: All users fetched successfully.
2024-08-10T19:43:47.161Z [info]: All users fetched successfully.
2024-08-10T19:43:47.201Z [info]: User fetched successfully: {"_id":"66b75b35b379b4c3236a693f","username":"mord","email":"mo@mo.com","password":"$2b$10$kY4PRa7HoVH3TiUdNhskue5Volzon3eDdlSEQgiqNJ8/cY3ALUncC","userType":"regular","isAdmin":false,"createdAt":"2024-08-10T12:21:09.662Z","updatedAt":"2024-08-10T17:12:07.676Z","__v":0,"balance":55}
2024-08-10T19:43:51.606Z [info]: User fetched successfully: {"_id":"66b75b35b379b4c3236a693f","username":"mord","email":"mo@mo.com","password":"$2b$10$kY4PRa7HoVH3TiUdNhskue5Volzon3eDdlSEQgiqNJ8/cY3ALUncC","userType":"regular","isAdmin":false,"createdAt":"2024-08-10T12:21:09.662Z","updatedAt":"2024-08-10T19:43:48.930Z","__v":0,"balance":5}
2024-08-10T19:43:51.618Z [info]: User fetched successfully: {"_id":"66b75b35b379b4c3236a693f","username":"mord","email":"mo@mo.com","password":"$2b$10$kY4PRa7HoVH3TiUdNhskue5Volzon3eDdlSEQgiqNJ8/cY3ALUncC","userType":"regular","isAdmin":false,"createdAt":"2024-08-10T12:21:09.662Z","updatedAt":"2024-08-10T19:43:48.930Z","__v":0,"balance":5}
2024-08-10T19:43:54.491Z [info]: User fetched successfully: {"_id":"66b75b35b379b4c3236a693f","username":"mord","email":"mo@mo.com","password":"$2b$10$kY4PRa7HoVH3TiUdNhskue5Volzon3eDdlSEQgiqNJ8/cY3ALUncC","userType":"regular","isAdmin":false,"createdAt":"2024-08-10T12:21:09.662Z","updatedAt":"2024-08-10T19:43:48.930Z","__v":0,"balance":5}
2024-08-10T19:43:54.498Z [info]: User fetched successfully: {"_id":"66b75b35b379b4c3236a693f","username":"mord","email":"mo@mo.com","password":"$2b$10$kY4PRa7HoVH3TiUdNhskue5Volzon3eDdlSEQgiqNJ8/cY3ALUncC","userType":"regular","isAdmin":false,"createdAt":"2024-08-10T12:21:09.662Z","updatedAt":"2024-08-10T19:43:48.930Z","__v":0,"balance":5}
2024-08-10T19:44:34.305Z [info]: All users fetched successfully.
2024-08-10T19:44:34.329Z [info]: User fetched successfully: {"_id":"66b75b35b379b4c3236a693f","username":"mord","email":"mo@mo.com","password":"$2b$10$kY4PRa7HoVH3TiUdNhskue5Volzon3eDdlSEQgiqNJ8/cY3ALUncC","userType":"regular","isAdmin":false,"createdAt":"2024-08-10T12:21:09.662Z","updatedAt":"2024-08-10T19:43:48.930Z","__v":0,"balance":5}
2024-08-10T19:44:34.340Z [info]: All users fetched successfully.
2024-08-10T19:44:35.479Z [info]: All users fetched successfully.
2024-08-10T19:44:35.487Z [info]: All users fetched successfully.
2024-08-10T19:44:36.650Z [info]: All users fetched successfully.
2024-08-10T19:44:36.669Z [info]: User fetched successfully: {"_id":"66b75b35b379b4c3236a693f","username":"mord","email":"mo@mo.com","password":"$2b$10$kY4PRa7HoVH3TiUdNhskue5Volzon3eDdlSEQgiqNJ8/cY3ALUncC","userType":"regular","isAdmin":false,"createdAt":"2024-08-10T12:21:09.662Z","updatedAt":"2024-08-10T19:43:48.930Z","__v":0,"balance":5}
2024-08-10T19:44:36.676Z [info]: All users fetched successfully.
2024-08-10T19:44:39.164Z [info]: User fetched successfully: {"_id":"66b75b35b379b4c3236a693f","username":"mord","email":"mo@mo.com","password":"$2b$10$kY4PRa7HoVH3TiUdNhskue5Volzon3eDdlSEQgiqNJ8/cY3ALUncC","userType":"regular","isAdmin":false,"createdAt":"2024-08-10T12:21:09.662Z","updatedAt":"2024-08-10T19:43:48.930Z","__v":0,"balance":5}
2024-08-10T19:44:39.176Z [info]: User fetched successfully: {"_id":"66b75b35b379b4c3236a693f","username":"mord","email":"mo@mo.com","password":"$2b$10$kY4PRa7HoVH3TiUdNhskue5Volzon3eDdlSEQgiqNJ8/cY3ALUncC","userType":"regular","isAdmin":false,"createdAt":"2024-08-10T12:21:09.662Z","updatedAt":"2024-08-10T19:43:48.930Z","__v":0,"balance":5}
2024-08-10T19:44:39.926Z [info]: All users fetched successfully.
2024-08-10T19:44:39.946Z [info]: User fetched successfully: {"_id":"66b75b35b379b4c3236a693f","username":"mord","email":"mo@mo.com","password":"$2b$10$kY4PRa7HoVH3TiUdNhskue5Volzon3eDdlSEQgiqNJ8/cY3ALUncC","userType":"regular","isAdmin":false,"createdAt":"2024-08-10T12:21:09.662Z","updatedAt":"2024-08-10T19:43:48.930Z","__v":0,"balance":5}
2024-08-10T19:44:39.952Z [info]: All users fetched successfully.
2024-08-10T19:44:40.756Z [info]: User fetched successfully: {"_id":"66b75b35b379b4c3236a693f","username":"mord","email":"mo@mo.com","password":"$2b$10$kY4PRa7HoVH3TiUdNhskue5Volzon3eDdlSEQgiqNJ8/cY3ALUncC","userType":"regular","isAdmin":false,"createdAt":"2024-08-10T12:21:09.662Z","updatedAt":"2024-08-10T19:43:48.930Z","__v":0,"balance":5}
2024-08-10T19:44:40.769Z [info]: User fetched successfully: {"_id":"66b75b35b379b4c3236a693f","username":"mord","email":"mo@mo.com","password":"$2b$10$kY4PRa7HoVH3TiUdNhskue5Volzon3eDdlSEQgiqNJ8/cY3ALUncC","userType":"regular","isAdmin":false,"createdAt":"2024-08-10T12:21:09.662Z","updatedAt":"2024-08-10T19:43:48.930Z","__v":0,"balance":5}
2024-08-10T19:44:41.873Z [info]: All users fetched successfully.
2024-08-10T19:44:41.916Z [info]: User fetched successfully: {"_id":"66b75b35b379b4c3236a693f","username":"mord","email":"mo@mo.com","password":"$2b$10$kY4PRa7HoVH3TiUdNhskue5Volzon3eDdlSEQgiqNJ8/cY3ALUncC","userType":"regular","isAdmin":false,"createdAt":"2024-08-10T12:21:09.662Z","updatedAt":"2024-08-10T19:43:48.930Z","__v":0,"balance":5}
2024-08-10T19:44:41.933Z [info]: All users fetched successfully.
2024-08-10T19:44:44.794Z [info]: All users fetched successfully.
2024-08-10T19:44:44.800Z [info]: All users fetched successfully.
2024-08-10T19:44:44.850Z [info]: User fetched successfully: {"_id":"66b75b35b379b4c3236a693f","username":"mord","email":"mo@mo.com","password":"$2b$10$kY4PRa7HoVH3TiUdNhskue5Volzon3eDdlSEQgiqNJ8/cY3ALUncC","userType":"regular","isAdmin":false,"createdAt":"2024-08-10T12:21:09.662Z","updatedAt":"2024-08-10T19:43:48.930Z","__v":0,"balance":5}
2024-08-10T19:44:47.504Z [info]: User fetched successfully: {"_id":"66b75b35b379b4c3236a693f","username":"mord","email":"mo@mo.com","password":"$2b$10$kY4PRa7HoVH3TiUdNhskue5Volzon3eDdlSEQgiqNJ8/cY3ALUncC","userType":"regular","isAdmin":false,"createdAt":"2024-08-10T12:21:09.662Z","updatedAt":"2024-08-10T19:43:48.930Z","__v":0,"balance":5}
2024-08-10T19:44:47.511Z [info]: User fetched successfully: {"_id":"66b75b35b379b4c3236a693f","username":"mord","email":"mo@mo.com","password":"$2b$10$kY4PRa7HoVH3TiUdNhskue5Volzon3eDdlSEQgiqNJ8/cY3ALUncC","userType":"regular","isAdmin":false,"createdAt":"2024-08-10T12:21:09.662Z","updatedAt":"2024-08-10T19:43:48.930Z","__v":0,"balance":5}
2024-08-10T19:44:51.155Z [info]: User fetched successfully: {"_id":"66b75b35b379b4c3236a693f","username":"mord","email":"mo@mo.com","password":"$2b$10$kY4PRa7HoVH3TiUdNhskue5Volzon3eDdlSEQgiqNJ8/cY3ALUncC","userType":"regular","isAdmin":false,"createdAt":"2024-08-10T12:21:09.662Z","updatedAt":"2024-08-10T19:43:48.930Z","__v":0,"balance":5}
2024-08-10T19:44:51.160Z [info]: User fetched successfully: {"_id":"66b75b35b379b4c3236a693f","username":"mord","email":"mo@mo.com","password":"$2b$10$kY4PRa7HoVH3TiUdNhskue5Volzon3eDdlSEQgiqNJ8/cY3ALUncC","userType":"regular","isAdmin":false,"createdAt":"2024-08-10T12:21:09.662Z","updatedAt":"2024-08-10T19:43:48.930Z","__v":0,"balance":5}
